0 verbose cli /opt/homebrew/Cellar/node/20.1.0/bin/node /opt/homebrew/bin/npm
1 info using npm@9.6.4
2 info using node@v20.1.0
3 timing npm:load:whichnode Completed in 0ms
4 timing config:load:defaults Completed in 1ms
5 timing config:load:file:/opt/homebrew/lib/node_modules/npm/npmrc Completed in 1ms
6 timing config:load:builtin Completed in 1ms
7 timing config:load:cli Completed in 0ms
8 timing config:load:env Completed in 0ms
9 timing config:load:file:/Users/aayushchaudhary/Git/Crash Detection and Vehicle Monitoring/server/.npmrc Completed in 2ms
10 timing config:load:project Completed in 2ms
11 warn config tmp This setting is no longer used.  npm stores temporary files in a special
11 warn config location in the cache, and they are managed by
11 warn config     [`cacache`](http://npm.im/cacache).
12 timing config:load:file:/Users/aayushchaudhary/.npmrc Completed in 0ms
13 timing config:load:user Completed in 0ms
14 timing config:load:file:/Users/aayushchaudhary/Git/Crash Detection and Vehicle Monitoring/server/${XDG_DATA_HOME}/npm/etc/npmrc Completed in 0ms
15 timing config:load:global Completed in 0ms
16 timing config:load:setEnvs Completed in 1ms
17 timing config:load Completed in 6ms
18 timing npm:load:configload Completed in 6ms
19 timing npm:load:mkdirpcache Completed in 0ms
20 timing npm:load:mkdirplogs Completed in 0ms
21 verbose title npm install
22 verbose argv "install"
23 timing npm:load:setTitle Completed in 2ms
24 timing config:load:flatten Completed in 1ms
25 timing npm:load:display Completed in 2ms
26 verbose logfile logs-max:10 dir:/Users/aayushchaudhary/Git/Crash Detection and Vehicle Monitoring/server/${XDG_CACHE_HOME}/npm/_logs/2023-05-24T03_37_43_385Z-
27 verbose logfile /Users/aayushchaudhary/Git/Crash Detection and Vehicle Monitoring/server/${XDG_CACHE_HOME}/npm/_logs/2023-05-24T03_37_43_385Z-debug-0.log
28 timing npm:load:logFile Completed in 3ms
29 timing npm:load:timers Completed in 0ms
30 timing npm:load:configScope Completed in 0ms
31 timing npm:load Completed in 14ms
32 timing arborist:ctor Completed in 0ms
33 timing idealTree:init Completed in 20ms
34 timing idealTree:userRequests Completed in 0ms
35 silly idealTree buildDeps
36 timing idealTree:#root Completed in 0ms
37 timing idealTree:buildDeps Completed in 0ms
38 timing idealTree:fixDepFlags Completed in 0ms
39 timing idealTree Completed in 22ms
40 silly logfile done cleaning log files
41 timing arborist:ctor Completed in 0ms
42 timing reify:loadTrees Completed in 31ms
43 timing reify:diffTrees Completed in 1ms
44 silly reify moves {}
45 timing reify:retireShallow Completed in 1ms
46 timing reify:createSparse Completed in 0ms
47 timing reify:loadBundles Completed in 0ms
48 silly audit bulk request {
48 silly audit   accepts: [ '1.3.8' ],
48 silly audit   'array-flatten': [ '1.1.1' ],
48 silly audit   'body-parser': [ '1.20.2', '1.20.1' ],
48 silly audit   bytes: [ '3.1.2' ],
48 silly audit   'call-bind': [ '1.0.2' ],
48 silly audit   'content-disposition': [ '0.5.4' ],
48 silly audit   'content-type': [ '1.0.5' ],
48 silly audit   cookie: [ '0.5.0' ],
48 silly audit   'cookie-signature': [ '1.0.6' ],
48 silly audit   debug: [ '2.6.9' ],
48 silly audit   depd: [ '2.0.0' ],
48 silly audit   destroy: [ '1.2.0' ],
48 silly audit   'ee-first': [ '1.1.1' ],
48 silly audit   encodeurl: [ '1.0.2' ],
48 silly audit   'escape-html': [ '1.0.3' ],
48 silly audit   etag: [ '1.8.1' ],
48 silly audit   express: [ '4.18.2' ],
48 silly audit   'raw-body': [ '2.5.1', '2.5.2' ],
48 silly audit   finalhandler: [ '1.2.0' ],
48 silly audit   forwarded: [ '0.2.0' ],
48 silly audit   fresh: [ '0.5.2' ],
48 silly audit   'function-bind': [ '1.1.1' ],
48 silly audit   'get-intrinsic': [ '1.2.1' ],
48 silly audit   has: [ '1.0.3' ],
48 silly audit   'has-proto': [ '1.0.1' ],
48 silly audit   'has-symbols': [ '1.0.3' ],
48 silly audit   'http-errors': [ '2.0.0' ],
48 silly audit   'iconv-lite': [ '0.4.24' ],
48 silly audit   inherits: [ '2.0.4' ],
48 silly audit   'ipaddr.js': [ '1.9.1' ],
48 silly audit   'media-typer': [ '0.3.0' ],
48 silly audit   'merge-descriptors': [ '1.0.1' ],
48 silly audit   methods: [ '1.1.2' ],
48 silly audit   mime: [ '1.6.0' ],
48 silly audit   'mime-db': [ '1.52.0' ],
48 silly audit   'mime-types': [ '2.1.35' ],
48 silly audit   ms: [ '2.0.0', '2.1.3' ],
48 silly audit   negotiator: [ '0.6.3' ],
48 silly audit   'object-inspect': [ '1.12.3' ],
48 silly audit   'on-finished': [ '2.4.1' ],
48 silly audit   parseurl: [ '1.3.3' ],
48 silly audit   'path-to-regexp': [ '0.1.7' ],
48 silly audit   'proxy-addr': [ '2.0.7' ],
48 silly audit   qs: [ '6.11.0' ],
48 silly audit   'range-parser': [ '1.2.1' ],
48 silly audit   'safe-buffer': [ '5.2.1' ],
48 silly audit   'safer-buffer': [ '2.1.2' ],
48 silly audit   send: [ '0.18.0' ],
48 silly audit   'serve-static': [ '1.15.0' ],
48 silly audit   setprototypeof: [ '1.2.0' ],
48 silly audit   'side-channel': [ '1.0.4' ],
48 silly audit   statuses: [ '2.0.1' ],
48 silly audit   toidentifier: [ '1.0.1' ],
48 silly audit   'type-is': [ '1.6.18' ],
48 silly audit   unpipe: [ '1.0.0' ],
48 silly audit   'utils-merge': [ '1.0.1' ],
48 silly audit   vary: [ '1.1.2' ]
48 silly audit }
49 timing reify:unpack Completed in 1ms
50 timing reify:unretire Completed in 0ms
51 timing build:queue Completed in 0ms
52 timing build:deps Completed in 0ms
53 timing build Completed in 0ms
54 timing reify:build Completed in 0ms
55 timing reify:trash Completed in 0ms
56 timing reify:save Completed in 8ms
57 silly audit bulk request failed undefined
58 http fetch POST 400 https://registry.npmjs.org/-/npm/v1/security/audits/quick 965ms
59 verbose audit error HttpErrorGeneral: 400 Bad Request - POST https://registry.npmjs.org/-/npm/v1/security/audits/quick - Bad Request
59 verbose audit error     at /opt/homebrew/lib/node_modules/npm/node_modules/npm-registry-fetch/lib/check-response.js:95:15
59 verbose audit error     at process.processTicksAndRejections (node:internal/process/task_queues:95:5)
59 verbose audit error     at async [getReport] (/opt/homebrew/lib/node_modules/npm/node_modules/@npmcli/arborist/lib/audit-report.js:335:21)
59 verbose audit error     at async AuditReport.run (/opt/homebrew/lib/node_modules/npm/node_modules/@npmcli/arborist/lib/audit-report.js:106:19)
59 verbose audit error     at async Arborist.reify (/opt/homebrew/lib/node_modules/npm/node_modules/@npmcli/arborist/lib/arborist/reify.js:179:24)
59 verbose audit error     at async Install.exec (/opt/homebrew/lib/node_modules/npm/lib/commands/install.js:146:5)
59 verbose audit error     at async module.exports (/opt/homebrew/lib/node_modules/npm/lib/cli.js:89:5) {
59 verbose audit error   headers: [Object: null prototype] {
59 verbose audit error     date: [ 'Wed, 24 May 2023 03:37:50 GMT' ],
59 verbose audit error     'content-type': [ 'application/json; charset=utf-8' ],
59 verbose audit error     'content-length': [ '126' ],
59 verbose audit error     connection: [ 'keep-alive' ],
59 verbose audit error     'cf-ray': [ '7cc280999a2074c9-LHR' ],
59 verbose audit error     'cf-cache-status': [ 'DYNAMIC' ],
59 verbose audit error     'cache-control': [ 'no-cache' ],
59 verbose audit error     vary: [ 'origin, Accept-Encoding' ],
59 verbose audit error     'access-control-allow-credentials': [ 'true' ],
59 verbose audit error     'access-control-expose-headers': [ 'Content-Type,Content-Length' ],
59 verbose audit error     server: [ 'cloudflare' ],
59 verbose audit error     'x-fetch-attempts': [ '1' ]
59 verbose audit error   },
59 verbose audit error   statusCode: 400,
59 verbose audit error   code: 'E400',
59 verbose audit error   method: 'POST',
59 verbose audit error   uri: 'https://registry.npmjs.org/-/npm/v1/security/audits/quick',
59 verbose audit error   body: {
59 verbose audit error     statusCode: 400,
59 verbose audit error     error: 'Bad Request',
59 verbose audit error     message: 'Invalid package tree, run  npm install  to rebuild your package-lock.json'
59 verbose audit error   },
59 verbose audit error   pkgid: undefined
59 verbose audit error }
60 silly audit error [object Object]
61 timing auditReport:getReport Completed in 7032ms
62 silly audit report null
63 timing reify:audit Completed in 7032ms
64 timing reify Completed in 7067ms
65 timing command:install Completed in 7073ms
66 verbose exit 0
67 timing npm Completed in 7092ms
68 info ok
