0 verbose cli /opt/homebrew/Cellar/node/20.1.0/bin/node /opt/homebrew/bin/npm
1 info using npm@9.6.4
2 info using node@v20.1.0
3 timing npm:load:whichnode Completed in 1ms
4 timing config:load:defaults Completed in 1ms
5 timing config:load:file:/opt/homebrew/lib/node_modules/npm/npmrc Completed in 2ms
6 timing config:load:builtin Completed in 2ms
7 timing config:load:cli Completed in 1ms
8 timing config:load:env Completed in 0ms
9 timing config:load:file:/Users/aayushchaudhary/Git/Crash Detection and Vehicle Monitoring/server/.npmrc Completed in 0ms
10 timing config:load:project Completed in 3ms
11 warn config tmp This setting is no longer used.  npm stores temporary files in a special
11 warn config location in the cache, and they are managed by
11 warn config     [`cacache`](http://npm.im/cacache).
12 timing config:load:file:/Users/aayushchaudhary/.npmrc Completed in 1ms
13 timing config:load:user Completed in 1ms
14 timing config:load:file:/Users/aayushchaudhary/Git/Crash Detection and Vehicle Monitoring/server/${XDG_DATA_HOME}/npm/etc/npmrc Completed in 0ms
15 timing config:load:global Completed in 0ms
16 timing config:load:setEnvs Completed in 0ms
17 timing config:load Completed in 8ms
18 timing npm:load:configload Completed in 8ms
19 timing npm:load:mkdirpcache Completed in 0ms
20 timing npm:load:mkdirplogs Completed in 1ms
21 verbose title npm install
22 verbose argv "install"
23 timing npm:load:setTitle Completed in 2ms
24 timing config:load:flatten Completed in 1ms
25 timing npm:load:display Completed in 2ms
26 verbose logfile logs-max:10 dir:/Users/aayushchaudhary/Git/Crash Detection and Vehicle Monitoring/server/${XDG_CACHE_HOME}/npm/_logs/2023-05-24T03_28_24_315Z-
27 verbose logfile /Users/aayushchaudhary/Git/Crash Detection and Vehicle Monitoring/server/${XDG_CACHE_HOME}/npm/_logs/2023-05-24T03_28_24_315Z-debug-0.log
28 timing npm:load:logFile Completed in 5ms
29 timing npm:load:timers Completed in 0ms
30 timing npm:load:configScope Completed in 0ms
31 timing npm:load Completed in 19ms
32 timing config:load:flatten Completed in 0ms
33 timing arborist:ctor Completed in 1ms
34 timing arborist:ctor Completed in 0ms
35 silly logfile done cleaning log files
36 timing idealTree:init Completed in 4ms
37 timing idealTree:userRequests Completed in 1ms
38 silly idealTree buildDeps
39 timing idealTree:#root Completed in 0ms
40 timing idealTree:buildDeps Completed in 0ms
41 timing idealTree:fixDepFlags Completed in 0ms
42 timing idealTree Completed in 5ms
43 timing reify:loadTrees Completed in 6ms
44 timing reify:diffTrees Completed in 1ms
45 silly reify moves {}
46 timing reify:retireShallow Completed in 0ms
47 timing reify:createSparse Completed in 0ms
48 timing reify:loadBundles Completed in 0ms
49 timing reify:unpack Completed in 0ms
50 timing reify:unretire Completed in 0ms
51 timing build:queue Completed in 0ms
52 timing build:deps Completed in 0ms
53 timing build Completed in 0ms
54 timing reify:build Completed in 0ms
55 timing reify:trash Completed in 0ms
56 timing reify:save Completed in 1ms
57 timing reify Completed in 31ms
58 timing command:install Completed in 32ms
59 verbose stack Error: ENOENT: no such file or directory, open '/Users/aayushchaudhary/Git/Crash Detection and Vehicle Monitoring/server/package.json'
60 verbose cwd /Users/aayushchaudhary/Git/Crash Detection and Vehicle Monitoring/server
61 verbose Darwin 22.4.0
62 verbose node v20.1.0
63 verbose npm  v9.6.4
64 error code ENOENT
65 error syscall open
66 error path /Users/aayushchaudhary/Git/Crash Detection and Vehicle Monitoring/server/package.json
67 error errno -2
68 error enoent ENOENT: no such file or directory, open '/Users/aayushchaudhary/Git/Crash Detection and Vehicle Monitoring/server/package.json'
69 error enoent This is related to npm not being able to find a file.
69 error enoent
70 verbose exit -2
71 timing npm Completed in 58ms
72 verbose code -2
73 error A complete log of this run can be found in: /Users/aayushchaudhary/Git/Crash Detection and Vehicle Monitoring/server/${XDG_CACHE_HOME}/npm/_logs/2023-05-24T03_28_24_315Z-debug-0.log
