0 verbose cli /opt/homebrew/Cellar/node/20.1.0/bin/node /opt/homebrew/bin/npm
1 info using npm@9.6.4
2 info using node@v20.1.0
3 timing npm:load:whichnode Completed in 0ms
4 timing config:load:defaults Completed in 0ms
5 timing config:load:file:/opt/homebrew/lib/node_modules/npm/npmrc Completed in 1ms
6 timing config:load:builtin Completed in 1ms
7 timing config:load:cli Completed in 1ms
8 timing config:load:env Completed in 0ms
9 timing config:load:file:/Users/aayushchaudhary/Git/Crash Detection and Vehicle Monitoring/server/.npmrc Completed in 0ms
10 timing config:load:project Completed in 2ms
11 warn config tmp This setting is no longer used.  npm stores temporary files in a special
11 warn config location in the cache, and they are managed by
11 warn config     [`cacache`](http://npm.im/cacache).
12 timing config:load:file:/Users/aayushchaudhary/.npmrc Completed in 1ms
13 timing config:load:user Completed in 1ms
14 timing config:load:file:/Users/aayushchaudhary/Git/Crash Detection and Vehicle Monitoring/server/${XDG_DATA_HOME}/npm/etc/npmrc Completed in 0ms
15 timing config:load:global Completed in 0ms
16 timing config:load:setEnvs Completed in 0ms
17 timing config:load Completed in 5ms
18 timing npm:load:configload Completed in 6ms
19 timing npm:load:mkdirpcache Completed in 0ms
20 timing npm:load:mkdirplogs Completed in 0ms
21 verbose title npm i express
22 verbose argv "i" "express"
23 timing npm:load:setTitle Completed in 2ms
24 timing config:load:flatten Completed in 1ms
25 timing npm:load:display Completed in 1ms
26 verbose logfile logs-max:10 dir:/Users/aayushchaudhary/Git/Crash Detection and Vehicle Monitoring/server/${XDG_CACHE_HOME}/npm/_logs/2023-05-24T03_38_07_229Z-
27 verbose logfile /Users/aayushchaudhary/Git/Crash Detection and Vehicle Monitoring/server/${XDG_CACHE_HOME}/npm/_logs/2023-05-24T03_38_07_229Z-debug-0.log
28 timing npm:load:logFile Completed in 4ms
29 timing npm:load:timers Completed in 0ms
30 timing npm:load:configScope Completed in 0ms
31 timing npm:load Completed in 14ms
32 timing arborist:ctor Completed in 1ms
33 timing idealTree:init Completed in 21ms
34 timing idealTree:userRequests Completed in 1ms
35 silly idealTree buildDeps
36 silly fetch manifest express@^4.18.2
37 silly logfile done cleaning log files
38 timing arborist:ctor Completed in 0ms
39 http fetch GET 200 https://registry.npmjs.org/express 813ms (cache revalidated)
40 silly placeDep ROOT express@4.18.2 REPLACE for: server@1.0.0 want: ^4.18.2
41 timing idealTree:#root Completed in 827ms
42 timing idealTree:node_modules/express Completed in 0ms
43 timing idealTree:buildDeps Completed in 828ms
44 timing idealTree:fixDepFlags Completed in 1ms
45 timing idealTree Completed in 852ms
46 timing reify:loadTrees Completed in 852ms
47 timing reify:diffTrees Completed in 3ms
48 silly reify moves {}
49 timing reify:retireShallow Completed in 1ms
50 timing reify:createSparse Completed in 0ms
51 timing reify:loadBundles Completed in 0ms
52 silly audit bulk request {
52 silly audit   accepts: [ '1.3.8' ],
52 silly audit   'array-flatten': [ '1.1.1' ],
52 silly audit   'body-parser': [ '1.20.2', '1.20.1' ],
52 silly audit   bytes: [ '3.1.2' ],
52 silly audit   'call-bind': [ '1.0.2' ],
52 silly audit   'content-disposition': [ '0.5.4' ],
52 silly audit   'content-type': [ '1.0.5' ],
52 silly audit   cookie: [ '0.5.0' ],
52 silly audit   'cookie-signature': [ '1.0.6' ],
52 silly audit   debug: [ '2.6.9' ],
52 silly audit   depd: [ '2.0.0' ],
52 silly audit   destroy: [ '1.2.0' ],
52 silly audit   'ee-first': [ '1.1.1' ],
52 silly audit   encodeurl: [ '1.0.2' ],
52 silly audit   'escape-html': [ '1.0.3' ],
52 silly audit   etag: [ '1.8.1' ],
52 silly audit   'raw-body': [ '2.5.2', '2.5.1' ],
52 silly audit   finalhandler: [ '1.2.0' ],
52 silly audit   forwarded: [ '0.2.0' ],
52 silly audit   fresh: [ '0.5.2' ],
52 silly audit   'function-bind': [ '1.1.1' ],
52 silly audit   'get-intrinsic': [ '1.2.1' ],
52 silly audit   has: [ '1.0.3' ],
52 silly audit   'has-proto': [ '1.0.1' ],
52 silly audit   'has-symbols': [ '1.0.3' ],
52 silly audit   'http-errors': [ '2.0.0' ],
52 silly audit   'iconv-lite': [ '0.4.24' ],
52 silly audit   inherits: [ '2.0.4' ],
52 silly audit   'ipaddr.js': [ '1.9.1' ],
52 silly audit   'media-typer': [ '0.3.0' ],
52 silly audit   'merge-descriptors': [ '1.0.1' ],
52 silly audit   methods: [ '1.1.2' ],
52 silly audit   mime: [ '1.6.0' ],
52 silly audit   'mime-db': [ '1.52.0' ],
52 silly audit   'mime-types': [ '2.1.35' ],
52 silly audit   ms: [ '2.0.0', '2.1.3' ],
52 silly audit   negotiator: [ '0.6.3' ],
52 silly audit   'object-inspect': [ '1.12.3' ],
52 silly audit   'on-finished': [ '2.4.1' ],
52 silly audit   parseurl: [ '1.3.3' ],
52 silly audit   'path-to-regexp': [ '0.1.7' ],
52 silly audit   'proxy-addr': [ '2.0.7' ],
52 silly audit   qs: [ '6.11.0' ],
52 silly audit   'range-parser': [ '1.2.1' ],
52 silly audit   'safe-buffer': [ '5.2.1' ],
52 silly audit   'safer-buffer': [ '2.1.2' ],
52 silly audit   send: [ '0.18.0' ],
52 silly audit   'serve-static': [ '1.15.0' ],
52 silly audit   setprototypeof: [ '1.2.0' ],
52 silly audit   'side-channel': [ '1.0.4' ],
52 silly audit   statuses: [ '2.0.1' ],
52 silly audit   toidentifier: [ '1.0.1' ],
52 silly audit   'type-is': [ '1.6.18' ],
52 silly audit   unpipe: [ '1.0.0' ],
52 silly audit   'utils-merge': [ '1.0.1' ],
52 silly audit   vary: [ '1.1.2' ],
52 silly audit   express: [ '4.18.2' ]
52 silly audit }
53 timing reify:unpack Completed in 0ms
54 timing reify:unretire Completed in 0ms
55 timing build:queue Completed in 0ms
56 timing build:deps Completed in 1ms
57 timing build Completed in 1ms
58 timing reify:build Completed in 1ms
59 timing reify:trash Completed in 0ms
60 timing reify:save Completed in 11ms
61 http fetch POST 200 https://registry.npmjs.org/-/npm/v1/security/advisories/bulk 356ms
62 timing auditReport:getReport Completed in 359ms
63 silly audit report {}
64 timing auditReport:init Completed in 0ms
65 timing reify:audit Completed in 360ms
66 timing reify Completed in 1219ms
67 timing command:i Completed in 1225ms
68 verbose exit 0
69 timing npm Completed in 1244ms
70 info ok
