0 verbose cli /opt/homebrew/Cellar/node/20.1.0/bin/node /opt/homebrew/bin/npm
1 info using npm@9.6.4
2 info using node@v20.1.0
3 timing npm:load:whichnode Completed in 1ms
4 timing config:load:defaults Completed in 0ms
5 timing config:load:file:/opt/homebrew/lib/node_modules/npm/npmrc Completed in 2ms
6 timing config:load:builtin Completed in 2ms
7 timing config:load:cli Completed in 1ms
8 timing config:load:env Completed in 0ms
9 timing config:load:file:/Users/aayushchaudhary/Git/Crash Detection and Vehicle Monitoring/server/.npmrc Completed in 0ms
10 timing config:load:project Completed in 2ms
11 warn config tmp This setting is no longer used.  npm stores temporary files in a special
11 warn config location in the cache, and they are managed by
11 warn config     [`cacache`](http://npm.im/cacache).
12 timing config:load:file:/Users/aayushchaudhary/.npmrc Completed in 1ms
13 timing config:load:user Completed in 1ms
14 timing config:load:file:/Users/aayushchaudhary/Git/Crash Detection and Vehicle Monitoring/server/${XDG_DATA_HOME}/npm/etc/npmrc Completed in 0ms
15 timing config:load:global Completed in 0ms
16 timing config:load:setEnvs Completed in 0ms
17 timing config:load Completed in 6ms
18 timing npm:load:configload Completed in 6ms
19 timing npm:load:mkdirpcache Completed in 0ms
20 timing npm:load:mkdirplogs Completed in 0ms
21 verbose title npm init
22 verbose argv "init" "--yes"
23 timing npm:load:setTitle Completed in 2ms
24 timing config:load:flatten Completed in 1ms
25 timing npm:load:display Completed in 2ms
26 verbose logfile logs-max:10 dir:/Users/aayushchaudhary/Git/Crash Detection and Vehicle Monitoring/server/${XDG_CACHE_HOME}/npm/_logs/2023-05-24T03_28_53_136Z-
27 verbose logfile /Users/aayushchaudhary/Git/Crash Detection and Vehicle Monitoring/server/${XDG_CACHE_HOME}/npm/_logs/2023-05-24T03_28_53_136Z-debug-0.log
28 timing npm:load:logFile Completed in 3ms
29 timing npm:load:timers Completed in 0ms
30 timing npm:load:configScope Completed in 0ms
31 timing npm:load Completed in 15ms
32 silly logfile done cleaning log files
33 silly package data {
33 silly package data   name: 'server',
33 silly package data   version: '1.0.0',
33 silly package data   description: '',
33 silly package data   main: 'server.js',
33 silly package data   scripts: {
33 silly package data     test: 'echo "Error: no test specified" && exit 1',
33 silly package data     start: 'node server.js'
33 silly package data   },
33 silly package data   keywords: [],
33 silly package data   author: '',
33 silly package data   license: 'ISC'
33 silly package data }
34 timing command:init Completed in 22ms
35 verbose exit 0
36 timing npm Completed in 47ms
37 info ok
